set log_output to "flash.log"
Info : CMSIS-DAP: SWD supported
Info : CMSIS-DAP: Atomic commands supported
Info : CMSIS-DAP: Test domain timer supported
Info : CMSIS-DAP: FW Version = 2.0.0
Info : CMSIS-DAP: Serial# = 0423170289b8ca6700000000000000000000000097969906
Info : CMSIS-DAP: Interface Initialised (SWD)
Info : SWCLK/TCK = 1 SWDIO/TMS = 1 TDI = 0 TDO = 0 nTRST = 0 nRESET = 1
Info : CMSIS-DAP: Interface ready
Info : clock speed 2000 kHz
Info : SWD DPIDR 0x2ba01477
Info : [max32xxx.cpu] Cortex-M4 r0p1 processor detected
Info : [max32xxx.cpu] target has 6 breakpoints, 4 watchpoints
Info : [max32xxx.cpu] Examination succeed
Info : [max32xxx.cpu] starting gdb server on pipe
Warn : [max32xxx.cpu] target was in unknown state when halt was requested
Info : SWD DPIDR 0x2ba01477
[max32xxx.cpu] halted due to debug-request, current mode: Thread 
xPSR: 0x81000000 pc: 0x00002124 msp: 0x20003ff0
Info : Listening on port 6666 for tcl connections
Info : Listening on port 4444 for telnet connections
Info : accepting 'gdb' connection from pipe
Warn : Prefer GDB command "target extended-remote :pipe" instead of "target remote :pipe"
Warn : No RTOS could be auto-detected!
Info : SWD DPIDR 0x2ba01477
[max32xxx.cpu] halted due to debug-request, current mode: Thread 
xPSR: 0x81000000 pc: 0x00002124 msp: 0x20003ff0
Info : SWD DPIDR 0x2ba01477
[max32xxx.cpu] halted due to breakpoint, current mode: Thread 
xPSR: 0x81000000 pc: 0x00002124 msp: 0x20003ff0
Info : dropped 'gdb' connection
